SF:lib\constants\colors_manager.dart
DA:7,0
LF:1
LH:0
end_of_record
SF:lib\services\auth\auth_user.dart
DA:9,1
DA:15,0
DA:16,0
DA:17,0
DA:18,0
LF:5
LH:1
end_of_record
SF:lib\constants\text_styles.dart
DA:11,0
DA:15,3
DA:16,1
DA:21,0
DA:22,0
DA:27,0
DA:28,0
DA:33,3
DA:34,1
DA:39,0
DA:40,0
DA:45,0
DA:46,0
DA:53,3
DA:54,1
DA:59,3
DA:60,1
DA:65,0
DA:66,0
DA:71,3
DA:72,1
DA:77,3
DA:78,1
DA:83,3
DA:84,1
DA:89,3
DA:90,1
DA:97,0
DA:98,0
DA:103,0
DA:104,0
DA:111,0
DA:112,0
DA:117,0
DA:118,0
DA:125,0
DA:126,0
DA:131,3
DA:132,1
LF:39
LH:18
end_of_record
SF:lib\services\crud\note_services.dart
DA:20,9
DA:21,3
DA:22,6
DA:23,1
DA:24,4
DA:28,6
DA:32,1
DA:33,4
DA:34,1
DA:36,3
DA:38,0
DA:42,1
DA:43,7
DA:45,1
DA:46,1
DA:47,1
DA:49,1
DA:51,1
DA:53,1
DA:55,1
DA:56,2
DA:59,2
DA:62,1
DA:63,0
DA:65,2
DA:66,6
DA:67,2
DA:68,3
DA:73,3
DA:78,3
DA:80,1
DA:83,3
DA:84,3
DA:86,3
DA:94,3
DA:95,3
DA:96,6
DA:97,9
DA:100,0
DA:101,0
DA:102,0
DA:103,0
DA:106,0
DA:108,0
DA:109,0
DA:110,0
DA:111,0
DA:112,0
DA:117,0
DA:127,0
DA:128,0
DA:131,0
DA:133,0
DA:134,0
DA:136,0
DA:137,0
DA:138,0
DA:139,0
DA:140,0
DA:141,0
DA:142,0
DA:145,0
DA:148,0
DA:152,0
DA:154,0
DA:160,0
DA:161,0
DA:164,0
DA:165,0
DA:166,0
DA:167,0
DA:169,0
DA:172,0
DA:176,0
DA:179,1
DA:183,1
DA:184,1
DA:187,2
DA:189,1
DA:191,1
DA:193,1
DA:194,2
DA:197,2
DA:200,1
DA:201,0
DA:203,2
DA:204,6
DA:205,2
DA:206,3
DA:212,0
DA:217,0
DA:218,0
DA:220,0
DA:222,0
DA:225,0
DA:228,0
DA:229,0
DA:230,0
DA:231,0
DA:234,2
DA:235,2
DA:236,2
DA:240,2
DA:241,6
DA:244,1
DA:245,1
DA:246,1
DA:248,2
DA:249,1
DA:253,1
DA:254,1
DA:255,1
DA:256,2
DA:258,0
DA:262,1
DA:264,1
DA:266,1
DA:267,2
DA:273,1
DA:277,1
DA:278,1
DA:279,1
DA:281,2
DA:283,1
DA:284,1
DA:285,1
DA:287,2
DA:289,1
DA:291,1
DA:294,1
DA:297,0
DA:298,0
DA:299,0
DA:302,1
DA:303,1
DA:304,1
DA:306,3
DA:309,1
DA:314,1
DA:316,1
DA:317,2
DA:318,1
DA:319,1
DA:320,2
DA:325,3
DA:326,3
DA:327,3
DA:328,3
DA:330,3
DA:331,3
DA:332,0
DA:333,0
DA:334,0
DA:339,2
DA:340,2
DA:341,2
DA:342,2
DA:346,2
DA:349,2
DA:350,0
DA:352,2
DA:353,4
DA:354,10
DA:355,4
DA:356,6
DA:361,0
DA:362,0
DA:363,0
DA:364,0
DA:367,0
DA:369,0
DA:373,0
DA:374,0
DA:378,3
DA:379,3
DA:380,3
DA:381,3
DA:382,6
DA:383,9
DA:387,0
DA:388,0
DA:389,0
DA:392,0
DA:394,0
DA:395,0
DA:396,0
DA:399,0
DA:402,0
DA:403,0
DA:405,0
DA:406,0
DA:410,3
DA:411,3
DA:412,3
DA:414,6
DA:415,3
DA:416,0
DA:420,3
DA:421,6
DA:423,6
DA:425,3
DA:427,3
DA:431,3
DA:433,3
DA:437,3
DA:442,6
DA:443,9
DA:448,3
DA:449,3
DA:450,3
DA:452,3
DA:456,6
DA:459,3
DA:460,3
DA:462,6
DA:466,3
DA:467,3
DA:468,3
DA:469,3
DA:473,6
DA:475,3
DA:476,0
DA:488,6
DA:489,3
DA:492,3
DA:498,0
DA:499,0
DA:500,0
DA:501,0
DA:504,0
DA:506,0
DA:507,0
DA:511,3
DA:512,3
DA:514,0
DA:520,0
DA:521,0
DA:523,0
DA:525,0
DA:526,0
DA:530,3
DA:532,3
DA:533,3
DA:538,3
DA:539,3
DA:540,3
DA:547,0
DA:548,0
DA:551,3
DA:554,3
DA:555,3
DA:556,3
DA:557,3
DA:558,3
DA:560,0
DA:561,0
DA:567,0
DA:568,0
DA:572,0
DA:581,3
DA:582,3
DA:583,0
DA:584,0
DA:593,3
DA:595,3
DA:596,3
DA:597,3
DA:599,0
DA:600,0
DA:602,3
DA:603,9
DA:605,0
DA:606,0
DA:619,5
DA:630,2
DA:631,2
DA:632,2
DA:633,2
DA:634,4
DA:635,2
DA:636,2
DA:637,2
DA:639,4
DA:642,1
DA:644,5
DA:646,0
DA:647,0
DA:649,0
DA:650,0
LF:289
LH:180
end_of_record
SF:lib\extensions\list\filter.dart
DA:2,1
DA:3,4
LF:2
LH:2
end_of_record
SF:lib\features\favorite_notes\logic\favorite_notes_bloc.dart
DA:12,1
DA:13,1
DA:14,2
DA:15,2
DA:16,2
DA:17,2
DA:18,2
DA:21,1
DA:25,1
DA:26,1
DA:28,5
DA:29,1
DA:30,1
DA:34,1
DA:35,0
DA:36,0
DA:39,1
DA:40,1
DA:50,1
DA:54,1
DA:55,1
DA:56,1
DA:57,1
DA:58,1
DA:63,1
DA:67,1
DA:68,1
DA:69,1
DA:70,1
DA:71,1
DA:72,1
DA:73,1
DA:79,1
DA:83,1
DA:84,1
DA:85,1
DA:86,1
DA:87,1
DA:88,1
DA:89,1
DA:95,0
DA:100,0
DA:101,0
DA:103,0
DA:104,0
DA:109,1
DA:111,2
DA:112,1
LF:48
LH:41
end_of_record
SF:lib\features\favorite_notes\logic\favorite_notes_event.dart
DA:7,1
DA:9,0
DA:10,0
DA:14,1
DA:19,1
DA:21,0
DA:22,0
DA:27,1
DA:29,0
DA:30,0
DA:35,0
DA:37,0
DA:38,0
DA:45,1
DA:51,0
DA:52,0
LF:16
LH:5
end_of_record
SF:lib\features\favorite_notes\logic\favorite_notes_state.dart
DA:7,2
DA:9,1
DA:10,1
DA:14,1
DA:18,1
DA:26,2
DA:32,1
DA:33,4
DA:38,0
DA:40,0
DA:41,0
LF:11
LH:8
end_of_record
SF:lib\services\repository\note_repository.dart
DA:10,2
DA:12,2
DA:17,0
DA:20,2
DA:23,1
DA:24,0
DA:26,0
DA:28,3
DA:30,0
DA:31,0
DA:34,2
DA:35,4
DA:37,2
DA:38,4
DA:41,1
DA:45,2
DA:48,1
DA:49,2
DA:52,0
DA:53,0
DA:56,0
DA:57,0
DA:59,1
DA:60,2
DA:62,1
DA:63,2
DA:65,1
DA:66,2
DA:68,0
DA:69,0
DA:71,1
DA:72,2
LF:32
LH:21
end_of_record
SF:lib\services\cloud\cloud_note.dart
DA:15,0
DA:25,1
DA:26,1
DA:27,2
DA:28,2
DA:29,2
DA:31,2
DA:32,2
DA:33,4
LF:9
LH:8
end_of_record
SF:lib\services\cloud\cloud_storage_exceptions.dart
DA:2,0
LF:1
LH:0
end_of_record
SF:lib\services\cloud\firebase_cloud_storage.dart
DA:9,1
DA:10,1
DA:13,1
DA:15,1
DA:17,0
DA:20,0
DA:21,0
DA:22,0
DA:23,0
DA:24,0
DA:25,0
DA:26,0
DA:30,0
DA:32,0
DA:34,0
DA:38,0
DA:47,0
DA:53,0
DA:56,0
DA:58,0
DA:60,0
DA:64,1
DA:69,4
DA:71,1
DA:74,0
DA:78,0
DA:80,0
DA:81,0
DA:82,0
DA:83,0
DA:84,0
DA:87,0
DA:92,0
DA:97,0
DA:98,0
DA:99,0
DA:100,0
DA:101,0
DA:102,0
DA:106,0
DA:110,1
DA:111,1
DA:112,1
DA:113,1
DA:114,1
DA:115,1
DA:116,1
DA:117,5
DA:121,0
DA:128,0
DA:136,0
DA:137,0
DA:138,0
LF:53
LH:15
end_of_record
SF:lib\services\sync\sync_service.dart
DA:18,0
DA:24,0
DA:30,0
DA:33,0
DA:37,0
DA:38,0
DA:39,0
DA:41,0
DA:45,0
DA:46,0
DA:47,0
DA:51,0
DA:54,0
DA:55,0
DA:58,0
DA:59,0
DA:60,0
DA:63,0
DA:65,0
DA:67,0
DA:68,0
DA:69,0
DA:70,0
DA:73,0
DA:74,0
DA:76,0
DA:80,0
DA:81,0
DA:82,0
DA:83,0
DA:84,0
DA:85,0
DA:87,0
DA:88,0
DA:90,0
DA:94,0
DA:99,0
DA:102,0
DA:103,0
DA:106,0
DA:107,0
DA:110,0
DA:112,0
DA:117,0
DA:118,0
DA:119,0
DA:123,0
DA:128,0
DA:129,0
DA:132,0
DA:133,0
DA:138,0
DA:142,0
DA:143,0
DA:145,0
DA:146,0
DA:147,0
DA:148,0
DA:149,0
DA:153,0
DA:154,0
DA:156,0
DA:157,0
DA:158,0
DA:159,0
DA:160,0
DA:167,0
DA:168,0
DA:169,0
DA:172,0
LF:70
LH:0
end_of_record
SF:lib\features\favorite_notes\ui\views\favorite_notes_view.dart
DA:14,1
DA:16,1
DA:18,1
DA:19,3
DA:22,1
DA:23,1
DA:24,1
DA:25,1
DA:29,1
DA:31,3
DA:33,2
DA:34,0
DA:35,0
DA:39,2
DA:41,1
DA:43,1
DA:44,1
DA:45,1
DA:47,2
DA:48,1
DA:49,0
DA:50,0
DA:51,0
DA:55,2
DA:56,1
DA:57,0
DA:58,0
DA:59,0
DA:63,2
DA:64,1
DA:65,1
DA:67,1
DA:69,0
DA:70,0
DA:71,0
DA:75,2
DA:81,0
DA:82,0
DA:92,1
DA:93,1
DA:94,2
DA:95,1
DA:96,1
DA:97,1
DA:99,1
DA:100,1
DA:102,2
DA:103,1
DA:105,3
DA:106,0
DA:108,0
DA:111,1
DA:113,1
DA:117,2
DA:118,1
DA:120,2
LF:56
LH:41
end_of_record
SF:lib\features\favorite_notes\ui\widgets\favorite_header.dart
DA:7,1
DA:9,1
DA:11,1
DA:12,3
DA:13,1
DA:15,1
DA:16,1
DA:17,1
DA:18,1
DA:20,1
DA:21,1
DA:22,1
DA:23,1
DA:25,2
DA:26,1
DA:27,1
DA:28,1
DA:37,2
DA:38,1
DA:40,3
DA:41,0
DA:42,1
LF:22
LH:21
end_of_record
SF:lib\features\favorite_notes\ui\widgets\favorite_search_bar.dart
DA:8,1
DA:10,1
DA:12,3
DA:13,1
DA:14,2
DA:15,1
DA:16,1
DA:20,2
DA:21,1
DA:22,1
DA:23,1
DA:29,1
DA:30,1
DA:32,0
DA:33,1
DA:34,1
DA:36,1
DA:37,1
DA:42,2
LF:19
LH:18
end_of_record
SF:lib\features\favorite_notes\ui\widgets\favorite_filter_chips.dart
DA:8,1
DA:10,1
DA:11,1
DA:18,1
DA:20,3
DA:21,1
DA:22,1
DA:23,1
DA:24,2
DA:26,2
DA:27,3
DA:28,1
DA:29,2
DA:30,2
DA:31,1
DA:32,0
DA:33,0
DA:34,0
DA:36,1
DA:38,3
DA:39,1
DA:45,2
DA:47,1
DA:48,1
DA:49,1
DA:56,1
DA:57,1
DA:61,0
DA:62,1
DA:64,0
DA:65,1
LF:31
LH:26
end_of_record
SF:lib\features\favorite_notes\ui\widgets\favorite_note_grid.dart
DA:11,1
DA:17,1
DA:19,1
DA:20,2
DA:21,1
DA:23,1
DA:24,1
DA:25,2
DA:28,1
DA:29,2
DA:30,1
DA:32,0
DA:43,1
DA:45,1
DA:47,3
DA:50,2
DA:52,1
DA:53,2
DA:54,1
DA:56,2
DA:57,1
DA:58,1
DA:59,1
DA:64,2
DA:66,1
DA:68,1
DA:69,1
DA:71,1
DA:72,1
DA:73,3
DA:74,1
DA:75,1
DA:76,2
DA:78,1
DA:80,2
DA:88,1
DA:91,1
DA:92,1
DA:95,1
DA:100,2
DA:101,1
DA:102,7
DA:104,0
DA:105,1
DA:109,2
DA:110,1
DA:112,1
LF:47
LH:45
end_of_record
