SF:lib\constants\colors_manager.dart
DA:7,0
LF:1
LH:0
end_of_record
SF:lib\services\auth\auth_user.dart
DA:9,1
DA:15,0
DA:16,0
DA:17,0
DA:18,0
LF:5
LH:1
end_of_record
SF:lib\constants\text_styles.dart
DA:11,0
DA:15,3
DA:16,1
DA:21,0
DA:22,0
DA:27,0
DA:28,0
DA:33,3
DA:34,1
DA:39,0
DA:40,0
DA:45,0
DA:46,0
DA:53,3
DA:54,1
DA:59,3
DA:60,1
DA:65,0
DA:66,0
DA:71,3
DA:72,1
DA:77,3
DA:78,1
DA:83,3
DA:84,1
DA:89,3
DA:90,1
DA:97,0
DA:98,0
DA:103,0
DA:104,0
DA:111,0
DA:112,0
DA:117,0
DA:118,0
DA:125,0
DA:126,0
DA:131,3
DA:132,1
LF:39
LH:18
end_of_record
SF:lib\services\crud\note_services.dart
DA:20,6
DA:21,2
DA:22,4
DA:23,1
DA:24,4
DA:28,4
DA:32,1
DA:33,4
DA:34,1
DA:36,3
DA:38,0
DA:42,1
DA:43,7
DA:45,1
DA:46,1
DA:47,1
DA:49,1
DA:51,1
DA:53,1
DA:55,1
DA:56,2
DA:59,2
DA:62,1
DA:63,0
DA:65,2
DA:66,6
DA:67,2
DA:68,3
DA:73,2
DA:78,2
DA:80,2
DA:83,0
DA:84,0
DA:86,0
DA:94,2
DA:95,2
DA:96,4
DA:97,6
DA:100,0
DA:101,0
DA:102,0
DA:103,0
DA:106,0
DA:108,0
DA:109,0
DA:110,0
DA:111,0
DA:112,0
DA:117,0
DA:125,0
DA:126,0
DA:129,0
DA:131,0
DA:132,0
DA:134,0
DA:135,0
DA:136,0
DA:137,0
DA:138,0
DA:139,0
DA:142,0
DA:145,0
DA:149,0
DA:151,0
DA:158,0
DA:161,0
DA:165,0
DA:166,0
DA:169,0
DA:171,0
DA:173,0
DA:175,0
DA:176,0
DA:179,0
DA:182,0
DA:183,0
DA:185,0
DA:186,0
DA:187,0
DA:188,0
DA:194,0
DA:199,0
DA:200,0
DA:202,0
DA:204,0
DA:207,0
DA:210,0
DA:211,0
DA:212,0
DA:213,0
DA:216,2
DA:217,2
DA:218,2
DA:224,2
DA:226,4
DA:229,2
DA:230,2
DA:231,2
DA:232,2
DA:234,2
DA:235,4
DA:236,2
DA:237,2
DA:238,4
DA:243,1
DA:244,1
DA:245,1
DA:246,1
DA:250,1
DA:253,1
DA:254,0
DA:256,1
DA:257,2
DA:258,5
DA:259,2
DA:260,3
DA:265,0
DA:266,0
DA:267,0
DA:268,0
DA:271,0
DA:273,0
DA:277,0
DA:278,0
DA:282,2
DA:283,2
DA:284,2
DA:285,2
DA:286,4
DA:287,6
DA:291,0
DA:292,0
DA:293,0
DA:296,0
DA:298,0
DA:299,0
DA:300,0
DA:303,0
DA:306,0
DA:307,0
DA:309,0
DA:310,0
DA:314,2
DA:315,2
DA:316,2
DA:318,4
DA:319,2
DA:320,0
DA:324,2
DA:325,4
DA:327,4
DA:329,2
DA:331,2
DA:335,2
DA:337,2
DA:341,2
DA:346,4
DA:347,6
DA:352,2
DA:353,2
DA:354,2
DA:356,2
DA:360,4
DA:363,2
DA:364,0
DA:366,4
DA:370,0
DA:371,0
DA:372,0
DA:373,0
DA:377,0
DA:379,0
DA:380,0
DA:392,0
DA:393,0
DA:396,0
DA:402,0
DA:403,0
DA:404,0
DA:405,0
DA:408,0
DA:410,0
DA:411,0
DA:415,2
DA:416,2
DA:418,0
DA:424,0
DA:425,0
DA:427,0
DA:429,0
DA:430,0
DA:434,2
DA:436,2
DA:437,2
DA:442,2
DA:443,2
DA:444,2
DA:447,2
DA:448,4
DA:449,2
DA:452,0
DA:453,0
DA:454,0
DA:455,0
DA:456,0
DA:458,0
DA:459,0
DA:465,0
DA:466,0
DA:470,0
DA:479,2
DA:480,2
DA:481,0
DA:482,0
DA:491,0
DA:493,2
DA:494,2
DA:495,2
DA:497,0
DA:498,0
DA:500,2
DA:501,6
DA:503,0
DA:504,0
DA:517,4
DA:528,2
DA:529,2
DA:530,2
DA:531,2
DA:532,4
DA:533,2
DA:534,2
DA:535,2
DA:537,4
DA:540,1
DA:542,5
DA:544,0
DA:545,0
DA:547,0
DA:548,0
LF:240
LH:116
end_of_record
SF:lib\extensions\list\filter.dart
DA:2,1
DA:3,4
LF:2
LH:2
end_of_record
SF:lib\services\cloud\cloud_note.dart
DA:14,0
DA:23,1
DA:24,1
DA:25,2
DA:27,2
DA:29,2
DA:31,2
DA:32,2
LF:8
LH:7
end_of_record
SF:lib\services\cloud\cloud_storage_exceptions.dart
DA:2,0
LF:1
LH:0
end_of_record
SF:lib\services\cloud\firebase_cloud_storage.dart
DA:9,1
DA:10,1
DA:13,1
DA:15,1
DA:17,0
DA:20,0
DA:21,0
DA:22,0
DA:23,0
DA:24,0
DA:25,0
DA:26,0
DA:30,0
DA:32,0
DA:34,0
DA:38,0
DA:46,0
DA:52,0
DA:54,0
DA:56,0
DA:60,1
DA:65,4
DA:67,1
DA:70,0
DA:74,0
DA:76,0
DA:77,0
DA:78,0
DA:79,0
DA:80,0
DA:83,0
DA:88,0
DA:93,0
DA:94,0
DA:95,0
DA:96,0
DA:97,0
DA:98,0
DA:102,0
DA:106,1
DA:107,1
DA:108,1
DA:109,1
DA:110,1
DA:111,1
DA:112,1
DA:113,5
DA:117,0
DA:122,0
DA:128,0
DA:129,0
DA:130,0
LF:52
LH:15
end_of_record
SF:lib\services\repository\note_repository.dart
DA:10,1
DA:12,1
DA:17,0
DA:20,1
DA:23,1
DA:24,0
DA:26,0
DA:28,3
DA:30,0
DA:31,0
DA:34,1
DA:35,2
DA:37,1
DA:38,2
DA:41,0
DA:45,0
DA:48,1
DA:49,2
DA:52,0
DA:53,0
DA:56,0
DA:57,0
DA:59,0
DA:60,0
LF:24
LH:11
end_of_record
SF:lib\services\sync\sync_service.dart
DA:18,0
DA:24,0
DA:30,0
DA:33,0
DA:37,0
DA:38,0
DA:39,0
DA:41,0
DA:45,0
DA:46,0
DA:47,0
DA:51,0
DA:54,0
DA:55,0
DA:58,0
DA:59,0
DA:60,0
DA:63,0
DA:65,0
DA:67,0
DA:68,0
DA:71,0
DA:72,0
DA:74,0
DA:78,0
DA:79,0
DA:80,0
DA:81,0
DA:83,0
DA:84,0
DA:86,0
DA:90,0
DA:95,0
DA:98,0
DA:99,0
DA:102,0
DA:103,0
DA:106,0
DA:108,0
DA:113,0
DA:114,0
DA:115,0
DA:119,0
DA:124,0
DA:125,0
DA:128,0
DA:129,0
DA:134,0
DA:138,0
DA:139,0
DA:141,0
DA:142,0
DA:143,0
DA:147,0
DA:148,0
DA:150,0
DA:151,0
DA:152,0
DA:159,0
DA:160,0
DA:161,0
DA:164,0
LF:62
LH:0
end_of_record
SF:lib\features\favorite_notes\logic\favorite_notes_bloc.dart
DA:12,1
DA:13,1
DA:14,2
DA:15,2
DA:16,2
DA:17,2
DA:18,2
DA:21,1
DA:25,1
DA:26,1
DA:28,5
DA:29,1
DA:30,1
DA:34,1
DA:35,0
DA:36,0
DA:39,1
DA:40,1
DA:50,1
DA:54,1
DA:55,1
DA:56,1
DA:57,1
DA:58,1
DA:63,1
DA:67,1
DA:68,1
DA:69,1
DA:70,1
DA:71,1
DA:72,1
DA:73,1
DA:79,1
DA:83,1
DA:84,1
DA:85,1
DA:86,1
DA:87,1
DA:88,1
DA:89,1
DA:95,0
DA:100,0
DA:101,0
DA:103,0
DA:104,0
DA:109,1
DA:111,2
DA:112,1
LF:48
LH:41
end_of_record
SF:lib\features\favorite_notes\logic\favorite_notes_event.dart
DA:7,1
DA:9,0
DA:10,0
DA:14,1
DA:19,1
DA:21,0
DA:22,0
DA:27,1
DA:29,0
DA:30,0
DA:35,0
DA:37,0
DA:38,0
DA:45,1
DA:51,0
DA:52,0
LF:16
LH:5
end_of_record
SF:lib\features\favorite_notes\logic\favorite_notes_state.dart
DA:7,2
DA:9,1
DA:10,1
DA:14,1
DA:18,1
DA:26,2
DA:32,1
DA:33,4
DA:38,0
DA:40,0
DA:41,0
LF:11
LH:8
end_of_record
SF:lib\features\favorite_notes\ui\views\favorite_notes_view.dart
DA:14,1
DA:16,1
DA:18,1
DA:19,3
DA:22,1
DA:23,1
DA:24,1
DA:25,1
DA:29,1
DA:31,3
DA:33,2
DA:34,0
DA:35,0
DA:39,2
DA:41,1
DA:43,1
DA:44,1
DA:45,1
DA:47,2
DA:48,1
DA:49,0
DA:50,0
DA:51,0
DA:55,2
DA:56,1
DA:57,0
DA:58,0
DA:59,0
DA:63,2
DA:64,1
DA:65,1
DA:67,1
DA:69,0
DA:70,0
DA:71,0
DA:75,2
DA:81,0
DA:82,0
DA:92,1
DA:93,1
DA:94,2
DA:95,1
DA:96,1
DA:97,1
DA:99,1
DA:100,1
DA:102,2
DA:103,1
DA:105,3
DA:106,0
DA:108,0
DA:111,1
DA:113,1
DA:117,2
DA:118,1
DA:120,2
LF:56
LH:41
end_of_record
SF:lib\features\favorite_notes\ui\widgets\favorite_header.dart
DA:7,1
DA:9,1
DA:11,1
DA:12,3
DA:13,1
DA:15,1
DA:16,1
DA:17,1
DA:18,1
DA:20,1
DA:21,1
DA:22,1
DA:23,1
DA:25,2
DA:26,1
DA:27,1
DA:28,1
DA:37,2
DA:38,1
DA:40,3
DA:41,0
DA:42,1
LF:22
LH:21
end_of_record
SF:lib\features\favorite_notes\ui\widgets\favorite_search_bar.dart
DA:8,1
DA:10,1
DA:12,3
DA:13,1
DA:14,2
DA:15,1
DA:16,1
DA:20,2
DA:21,1
DA:22,1
DA:23,1
DA:29,1
DA:30,1
DA:32,0
DA:33,1
DA:34,1
DA:36,1
DA:37,1
DA:42,2
LF:19
LH:18
end_of_record
SF:lib\features\favorite_notes\ui\widgets\favorite_filter_chips.dart
DA:8,1
DA:10,1
DA:11,1
DA:18,1
DA:20,3
DA:21,1
DA:22,1
DA:23,1
DA:24,2
DA:26,2
DA:27,3
DA:28,1
DA:29,2
DA:30,2
DA:31,1
DA:32,0
DA:33,0
DA:34,0
DA:36,1
DA:38,3
DA:39,1
DA:45,2
DA:47,1
DA:48,1
DA:49,1
DA:56,1
DA:57,1
DA:61,0
DA:62,1
DA:64,0
DA:65,1
LF:31
LH:26
end_of_record
SF:lib\features\favorite_notes\ui\widgets\favorite_note_grid.dart
DA:11,1
DA:17,1
DA:19,1
DA:20,2
DA:21,1
DA:23,1
DA:24,1
DA:25,2
DA:28,1
DA:29,2
DA:30,1
DA:32,0
DA:43,1
DA:45,1
DA:47,3
DA:50,2
DA:52,1
DA:53,2
DA:54,1
DA:56,2
DA:57,1
DA:58,1
DA:59,1
DA:64,2
DA:66,1
DA:68,1
DA:69,1
DA:71,1
DA:72,1
DA:73,3
DA:74,1
DA:75,1
DA:76,2
DA:78,1
DA:80,2
DA:88,1
DA:91,1
DA:92,1
DA:95,1
DA:100,2
DA:101,1
DA:102,7
DA:104,0
DA:105,1
DA:109,2
DA:110,1
DA:112,1
LF:47
LH:45
end_of_record
